
> modern-tools@0.1.4 dev
> next dev

▲ Next.js 16.1.3 (Turbopack)
- Local:         http://localhost:3000
- Network:       http://192.168.0.2:3000

✓ Starting...
Attention: Next.js now collects completely anonymous telemetry regarding usage.
This information is used to shape Next.js' roadmap and prioritize features.
You can learn more, including how to opt-out if you'd not like to participate in this anonymous program, by visiting the following URL:
https://nextjs.org/telemetry

⚠ The "middleware" file convention is deprecated. Please use "proxy" instead. Learn more: https://nextjs.org/docs/messages/middleware-to-proxy
✓ Ready in 2.8s
○ Compiling /[locale]/blog ...
 GET /ja/blog 200 in 8.9s (compile: 7.3s, proxy.ts: 126ms, render: 1547ms)
○ Compiling /[locale] ...
 GET /grid.svg 200 in 6.8s (compile: 6.6s, render: 193ms)
 GET /ja/blog/how-to-use-image-lab 200 in 2.4s (compile: 2.3s, proxy.ts: 13ms, render: 78ms)
 GET /ja/blog 200 in 230ms (compile: 59ms, proxy.ts: 9ms, render: 161ms)
 GET /grid.svg 200 in 347ms (compile: 54ms, render: 293ms)
 GET /ja/blog/how-to-use-image-lab 200 in 313ms (compile: 68ms, proxy.ts: 11ms, render: 234ms)
